[debug] [2021-06-17T00:56:35.902Z] ----------------------------------------------------------------------
[debug] [2021-06-17T00:56:35.903Z] Command:       C:\Program Files\nodejs\node.exe C:\Users\Dhairya\AppData\Roaming\npm\node_modules\firebase-tools\lib\bin\firebase.js init
[debug] [2021-06-17T00:56:35.904Z] CLI Version:   9.13.0
[debug] [2021-06-17T00:56:35.904Z] Platform:      win32
[debug] [2021-06-17T00:56:35.904Z] Node Version:  v14.17.0
[debug] [2021-06-17T00:56:35.904Z] Time:          Wed Jun 16 2021 20:56:35 GMT-0400 (Eastern Daylight Time)
[debug] [2021-06-17T00:56:35.904Z] ----------------------------------------------------------------------
[debug] 
[debug] [2021-06-17T00:56:35.909Z] > command requires scopes: ["email","openid","https://www.googleapis.com/auth/cloudplatformprojects.readonly","https://www.googleapis.com/auth/firebase","https://www.googleapis.com/auth/cloud-platform"]
[debug] [2021-06-17T00:56:35.909Z] > authorizing via signed-in user (dhairya810d@gmail.com)
[info] 
     ######## #### ########  ######## ########     ###     ######  ########
     ##        ##  ##     ## ##       ##     ##  ##   ##  ##       ##
     ######    ##  ########  ######   ########  #########  ######  ######
     ##        ##  ##    ##  ##       ##     ## ##     ##       ## ##
     ##       #### ##     ## ######## ########  ##     ##  ######  ########

You're about to initialize a Firebase project in this directory:

  C:\Users\Dhairya\Desktop\midguard

Before we get started, keep in mind:

  * You are initializing within an existing Firebase project directory

[info] 
=== Project Setup
[info] 
[info] First, let's associate this project directory with a Firebase project.
[info] You can create multiple project aliases by running firebase use --add, 
[info] but for now we'll just set up a default project.
[info] 
[info] i  .firebaserc already has a default project, using midguard-b2ae1. 
[debug] [2021-06-17T00:57:02.750Z] > refreshing access token with scopes: []
[debug] [2021-06-17T00:57:02.751Z] >>> HTTP REQUEST POST https://www.googleapis.com/oauth2/v3/token  
 <request body omitted>
[debug] [2021-06-17T00:57:02.970Z] <<< HTTP RESPONSE 200 {"date":"Thu, 17 Jun 2021 00:57:02 GMT","expires":"Mon, 01 Jan 1990 00:00:00 GMT","pragma":"no-cache","cache-control":"no-cache, no-store, max-age=0, must-revalidate","content-type":"application/json; charset=utf-8","vary":"X-Origin, Referer, Origin,Accept-Encoding","server":"scaffolding on HTTPServer2","x-xss-protection":"0","x-frame-options":"SAMEORIGIN","x-content-type-options":"nosniff","alt-svc":"h3=\":443\"; ma=2592000,h3-29=\":443\"; ma=2592000,h3-T051=\":443\"; ma=2592000,h3-Q050=\":443\"; ma=2592000,h3-Q046=\":443\"; ma=2592000,h3-Q043=\":443\"; ma=2592000,quic=\":443\"; ma=2592000; v=\"46,43\"","accept-ranges":"none","transfer-encoding":"chunked"}
[debug] [2021-06-17T00:57:03.052Z] >>> [apiv2][query] GET https://firebase.googleapis.com/v1beta1/projects/midguard-b2ae1 [none]
[debug] [2021-06-17T00:57:03.349Z] <<< [apiv2][status] GET https://firebase.googleapis.com/v1beta1/projects/midguard-b2ae1 200
[debug] [2021-06-17T00:57:03.350Z] <<< [apiv2][body] GET https://firebase.googleapis.com/v1beta1/projects/midguard-b2ae1 {"projectId":"midguard-b2ae1","projectNumber":"857804867045","displayName":"midguard","name":"projects/midguard-b2ae1","resources":{"hostingSite":"midguard-b2ae1","storageBucket":"midguard-b2ae1.appspot.com","locationId":"us-central"},"state":"ACTIVE"}
[info] 
=== Hosting Setup
[info] 
[info] Your public directory is the folder (relative to your project directory) that
[info] will contain Hosting assets to be uploaded with firebase deploy. If you
[info] have a build process for your assets, use your build's output directory.
[info] 
